<?xml version="1.0" encoding="UTF-8"?>
<!-- Generated by org.testng.reporters.JUnitReportReporter -->
<testsuite hostname="KRISHNA" failures="0" tests="2" name="testcases.TestCases" time="39.854" errors="0" timestamp="2025-04-15T22:46:08 IST" skipped="0">
  <testcase classname="testcases.TestCases" name="login" time="4.715"/>
  <testcase classname="testcases.TestCases" name="login" time="35.139"/>
</testsuite> <!-- testcases.TestCases -->
